using device: mps
Total Parameters: 30,142,848
Trainable Parameters: 30,142,848
Model Size: 114.99 MB

Size by component:
transformer: 114.99 MB
loaded 338025 tokens
1 epoch = 82 batches
Training for 20000 steps
step 0, loss: 10.9082, avg_loss: 10.9082, best_loss: 10.9082, lr: 2.00e-05, time/batch: 0.000s
step 10, loss: 10.0767, avg_loss: 10.3552, best_loss: 10.0701, lr: 2.00e-05, time/batch: 0.979s
step 20, loss: 9.8382, avg_loss: 10.1285, best_loss: 9.7673, lr: 2.00e-05, time/batch: 0.942s
step 30, loss: 9.7112, avg_loss: 10.0101, best_loss: 9.7079, lr: 2.01e-05, time/batch: 0.951s
step 40, loss: 9.5076, avg_loss: 9.9036, best_loss: 9.5076, lr: 2.02e-05, time/batch: 0.940s
step 50, loss: 9.4433, avg_loss: 9.8205, best_loss: 9.3763, lr: 2.03e-05, time/batch: 0.946s
step 60, loss: 9.2879, avg_loss: 9.7471, best_loss: 9.2879, lr: 2.04e-05, time/batch: 0.944s
step 70, loss: 9.1755, avg_loss: 9.6742, best_loss: 9.1649, lr: 2.06e-05, time/batch: 0.933s
step 80, loss: 9.1185, avg_loss: 9.6044, best_loss: 8.9996, lr: 2.07e-05, time/batch: 0.942s
step 90, loss: 8.8718, avg_loss: 9.5308, best_loss: 8.7953, lr: 2.09e-05, time/batch: 0.942s
step 100, loss: 8.7972, avg_loss: 9.4455, best_loss: 8.6681, lr: 2.11e-05, time/batch: 0.943s
step 110, loss: 8.8429, avg_loss: 9.2944, best_loss: 8.6681, lr: 2.14e-05, time/batch: 0.946s
step 120, loss: 8.5503, avg_loss: 9.1682, best_loss: 8.5120, lr: 2.16e-05, time/batch: 0.947s
step 130, loss: 8.4348, avg_loss: 9.0406, best_loss: 8.3889, lr: 2.19e-05, time/batch: 0.948s
step 140, loss: 8.3169, avg_loss: 8.9261, best_loss: 8.3169, lr: 2.22e-05, time/batch: 0.940s
step 150, loss: 8.2978, avg_loss: 8.8075, best_loss: 8.1487, lr: 2.25e-05, time/batch: 0.942s
step 160, loss: 8.0441, avg_loss: 8.6853, best_loss: 7.9925, lr: 2.29e-05, time/batch: 0.945s
step 170, loss: 7.9409, avg_loss: 8.5683, best_loss: 7.8767, lr: 2.32e-05, time/batch: 0.947s
step 180, loss: 7.7669, avg_loss: 8.4514, best_loss: 7.7669, lr: 2.36e-05, time/batch: 0.955s
step 190, loss: 7.8629, avg_loss: 8.3485, best_loss: 7.7669, lr: 2.40e-05, time/batch: 0.943s
step 200, loss: 7.6457, avg_loss: 8.2483, best_loss: 7.6457, lr: 2.45e-05, time/batch: 0.955s
step 210, loss: 7.5878, avg_loss: 8.1360, best_loss: 7.5878, lr: 2.49e-05, time/batch: 1.044s
step 220, loss: 7.7368, avg_loss: 8.0333, best_loss: 7.4908, lr: 2.54e-05, time/batch: 1.053s
step 230, loss: 7.5429, avg_loss: 7.9317, best_loss: 7.2957, lr: 2.59e-05, time/batch: 1.044s
step 240, loss: 7.2447, avg_loss: 7.8265, best_loss: 7.2447, lr: 2.64e-05, time/batch: 1.049s
step 250, loss: 7.1636, avg_loss: 7.7236, best_loss: 7.1474, lr: 2.69e-05, time/batch: 1.048s
step 260, loss: 7.0525, avg_loss: 7.6224, best_loss: 7.0525, lr: 2.75e-05, time/batch: 1.054s
step 270, loss: 7.2352, avg_loss: 7.5258, best_loss: 6.9443, lr: 2.80e-05, time/batch: 1.052s
step 280, loss: 6.9988, avg_loss: 7.4397, best_loss: 6.9057, lr: 2.86e-05, time/batch: 1.055s
step 290, loss: 7.0042, avg_loss: 7.3398, best_loss: 6.8156, lr: 2.92e-05, time/batch: 1.051s
step 300, loss: 6.7366, avg_loss: 7.2414, best_loss: 6.7366, lr: 2.99e-05, time/batch: 1.058s
step 310, loss: 6.5421, avg_loss: 7.1520, best_loss: 6.5421, lr: 3.05e-05, time/batch: 1.059s
step 320, loss: 6.5635, avg_loss: 7.0611, best_loss: 6.5319, lr: 3.12e-05, time/batch: 1.065s
step 330, loss: 6.6613, avg_loss: 6.9725, best_loss: 6.4066, lr: 3.19e-05, time/batch: 1.110s
step 340, loss: 6.4833, avg_loss: 6.8836, best_loss: 6.3717, lr: 3.26e-05, time/batch: 0.990s
step 350, loss: 6.5178, avg_loss: 6.8006, best_loss: 6.2828, lr: 3.33e-05, time/batch: 0.985s
step 360, loss: 6.3236, avg_loss: 6.7412, best_loss: 6.2828, lr: 3.41e-05, time/batch: 0.971s
step 370, loss: 6.2579, avg_loss: 6.6670, best_loss: 6.2247, lr: 3.49e-05, time/batch: 0.964s
step 380, loss: 6.3791, avg_loss: 6.5907, best_loss: 6.2082, lr: 3.57e-05, time/batch: 0.976s
step 390, loss: 6.2296, avg_loss: 6.5331, best_loss: 6.2082, lr: 3.65e-05, time/batch: 0.956s
step 400, loss: 6.2648, avg_loss: 6.4715, best_loss: 6.0399, lr: 3.73e-05, time/batch: 0.960s
step 410, loss: 6.2297, avg_loss: 6.4078, best_loss: 5.9397, lr: 3.81e-05, time/batch: 0.967s
step 420, loss: 6.2066, avg_loss: 6.3510, best_loss: 5.9397, lr: 3.90e-05, time/batch: 0.966s
step 430, loss: 6.2214, avg_loss: 6.2981, best_loss: 5.8832, lr: 3.99e-05, time/batch: 0.966s
step 440, loss: 6.1312, avg_loss: 6.2713, best_loss: 5.8832, lr: 4.08e-05, time/batch: 0.975s
step 450, loss: 5.9944, avg_loss: 6.2306, best_loss: 5.8789, lr: 4.17e-05, time/batch: 0.962s
step 460, loss: 6.0418, avg_loss: 6.1759, best_loss: 5.8789, lr: 4.26e-05, time/batch: 0.965s
step 470, loss: 6.0651, avg_loss: 6.1481, best_loss: 5.8789, lr: 4.36e-05, time/batch: 0.987s
step 480, loss: 5.7754, avg_loss: 6.1074, best_loss: 5.7325, lr: 4.45e-05, time/batch: 0.960s
step 490, loss: 6.1175, avg_loss: 6.0617, best_loss: 5.6420, lr: 4.55e-05, time/batch: 0.968s
step 500, loss: 5.8154, avg_loss: 6.0279, best_loss: 5.6420, lr: 4.65e-05, time/batch: 0.985s
step 510, loss: 5.8742, avg_loss: 5.9926, best_loss: 5.5780, lr: 4.75e-05, time/batch: 0.966s
step 520, loss: 6.0537, avg_loss: 5.9772, best_loss: 5.5780, lr: 4.85e-05, time/batch: 0.991s
step 530, loss: 5.7906, avg_loss: 5.9546, best_loss: 5.5780, lr: 4.96e-05, time/batch: 0.971s
step 540, loss: 5.6972, avg_loss: 5.9080, best_loss: 5.5780, lr: 5.06e-05, time/batch: 1.079s
step 550, loss: 5.7317, avg_loss: 5.8892, best_loss: 5.5780, lr: 5.17e-05, time/batch: 1.090s
step 560, loss: 5.6979, avg_loss: 5.8617, best_loss: 5.4887, lr: 5.28e-05, time/batch: 1.090s
step 570, loss: 5.4574, avg_loss: 5.8147, best_loss: 5.3872, lr: 5.39e-05, time/batch: 1.088s
step 580, loss: 5.4611, avg_loss: 5.7915, best_loss: 5.3872, lr: 5.50e-05, time/batch: 1.108s
step 590, loss: 5.3182, avg_loss: 5.7590, best_loss: 5.3182, lr: 5.61e-05, time/batch: 1.069s
step 600, loss: 5.7114, avg_loss: 5.7370, best_loss: 5.3182, lr: 5.72e-05, time/batch: 1.106s
step 610, loss: 5.4573, avg_loss: 5.7219, best_loss: 5.3182, lr: 5.84e-05, time/batch: 1.085s
step 620, loss: 5.4909, avg_loss: 5.6832, best_loss: 5.3182, lr: 5.96e-05, time/batch: 1.071s
step 630, loss: 5.9540, avg_loss: 5.6591, best_loss: 5.3182, lr: 6.07e-05, time/batch: 1.116s
step 640, loss: 5.5265, avg_loss: 5.6380, best_loss: 5.2450, lr: 6.19e-05, time/batch: 1.073s
step 650, loss: 5.4142, avg_loss: 5.5972, best_loss: 5.2121, lr: 6.31e-05, time/batch: 1.084s
step 660, loss: 5.3750, avg_loss: 5.5712, best_loss: 5.1566, lr: 6.43e-05, time/batch: 1.062s
step 670, loss: 5.3540, avg_loss: 5.5438, best_loss: 5.1566, lr: 6.56e-05, time/batch: 0.972s
step 680, loss: 5.7061, avg_loss: 5.5118, best_loss: 5.0874, lr: 6.68e-05, time/batch: 0.960s
step 690, loss: 5.4727, avg_loss: 5.5035, best_loss: 5.0874, lr: 6.81e-05, time/batch: 1.024s
step 700, loss: 5.5587, avg_loss: 5.4754, best_loss: 5.0874, lr: 6.93e-05, time/batch: 0.962s
step 710, loss: 5.3853, avg_loss: 5.4452, best_loss: 5.0874, lr: 7.06e-05, time/batch: 0.976s
step 720, loss: 5.0353, avg_loss: 5.4307, best_loss: 5.0353, lr: 7.19e-05, time/batch: 1.037s
step 730, loss: 5.1129, avg_loss: 5.3937, best_loss: 4.9803, lr: 7.31e-05, time/batch: 0.978s
step 740, loss: 5.4243, avg_loss: 5.3669, best_loss: 4.9434, lr: 7.44e-05, time/batch: 1.002s
step 750, loss: 5.1140, avg_loss: 5.3401, best_loss: 4.9434, lr: 7.57e-05, time/batch: 1.021s
step 760, loss: 5.3591, avg_loss: 5.3030, best_loss: 4.8630, lr: 7.71e-05, time/batch: 0.976s
step 770, loss: 5.1575, avg_loss: 5.3014, best_loss: 4.8630, lr: 7.84e-05, time/batch: 1.025s
step 780, loss: 5.0865, avg_loss: 5.2856, best_loss: 4.8630, lr: 7.97e-05, time/batch: 0.978s
step 790, loss: 5.4175, avg_loss: 5.2536, best_loss: 4.8630, lr: 8.10e-05, time/batch: 0.993s
step 800, loss: 5.1390, avg_loss: 5.2499, best_loss: 4.8630, lr: 8.24e-05, time/batch: 1.015s
step 810, loss: 5.2061, avg_loss: 5.2205, best_loss: 4.7853, lr: 8.37e-05, time/batch: 0.971s
step 820, loss: 5.2672, avg_loss: 5.1816, best_loss: 4.7530, lr: 8.51e-05, time/batch: 0.995s
step 830, loss: 5.1621, avg_loss: 5.1647, best_loss: 4.7530, lr: 8.64e-05, time/batch: 1.018s
step 840, loss: 5.0111, avg_loss: 5.1301, best_loss: 4.6934, lr: 8.78e-05, time/batch: 0.973s
step 850, loss: 4.9860, avg_loss: 5.1278, best_loss: 4.6468, lr: 8.92e-05, time/batch: 0.996s
step 860, loss: 4.9956, avg_loss: 5.1196, best_loss: 4.6468, lr: 9.06e-05, time/batch: 1.015s
step 870, loss: 4.9955, avg_loss: 5.0861, best_loss: 4.6468, lr: 9.19e-05, time/batch: 0.978s
step 880, loss: 5.2211, avg_loss: 5.0863, best_loss: 4.6468, lr: 9.33e-05, time/batch: 1.009s
step 890, loss: 4.6197, avg_loss: 5.0572, best_loss: 4.6197, lr: 9.47e-05, time/batch: 1.016s
step 900, loss: 5.2592, avg_loss: 5.0116, best_loss: 4.5904, lr: 9.61e-05, time/batch: 0.985s
step 910, loss: 4.8442, avg_loss: 5.0024, best_loss: 4.5904, lr: 9.75e-05, time/batch: 1.040s
step 920, loss: 4.9421, avg_loss: 4.9797, best_loss: 4.5334, lr: 9.89e-05, time/batch: 0.996s
step 930, loss: 5.0561, avg_loss: 4.9693, best_loss: 4.4855, lr: 1.00e-04, time/batch: 0.978s
step 940, loss: 4.8600, avg_loss: 4.9664, best_loss: 4.4855, lr: 1.02e-04, time/batch: 1.032s
step 950, loss: 4.7650, avg_loss: 4.9349, best_loss: 4.4855, lr: 1.03e-04, time/batch: 0.999s
step 960, loss: 4.9642, avg_loss: 4.9352, best_loss: 4.4855, lr: 1.05e-04, time/batch: 0.978s
step 970, loss: 4.7033, avg_loss: 4.9201, best_loss: 4.4855, lr: 1.06e-04, time/batch: 1.032s
step 980, loss: 4.4706, avg_loss: 4.8667, best_loss: 4.4444, lr: 1.07e-04, time/batch: 1.005s
step 990, loss: 4.5954, avg_loss: 4.8657, best_loss: 4.4444, lr: 1.09e-04, time/batch: 1.059s
step 1000, loss: 4.3895, avg_loss: 4.8453, best_loss: 4.3895, lr: 1.10e-04, time/batch: 1.053s
step 1010, loss: 4.8514, avg_loss: 4.8255, best_loss: 4.3320, lr: 1.12e-04, time/batch: 0.992s
step 1020, loss: 4.7002, avg_loss: 4.8226, best_loss: 4.3320, lr: 1.13e-04, time/batch: 1.011s
step 1030, loss: 4.6969, avg_loss: 4.8022, best_loss: 4.3320, lr: 1.14e-04, time/batch: 1.027s
step 1040, loss: 5.3503, avg_loss: 4.7943, best_loss: 4.3320, lr: 1.16e-04, time/batch: 0.985s
step 1050, loss: 4.6899, avg_loss: 4.7901, best_loss: 4.3320, lr: 1.17e-04, time/batch: 1.036s
step 1060, loss: 4.5981, avg_loss: 4.7475, best_loss: 4.3320, lr: 1.19e-04, time/batch: 0.977s
step 1070, loss: 4.6622, avg_loss: 4.7340, best_loss: 4.3040, lr: 1.20e-04, time/batch: 0.984s
step 1080, loss: 4.5843, avg_loss: 4.7222, best_loss: 4.3040, lr: 1.21e-04, time/batch: 1.052s
step 1090, loss: 4.8819, avg_loss: 4.6923, best_loss: 4.1964, lr: 1.23e-04, time/batch: 0.986s
step 1100, loss: 4.7975, avg_loss: 4.6934, best_loss: 4.1964, lr: 1.24e-04, time/batch: 0.991s
step 1110, loss: 4.8311, avg_loss: 4.6804, best_loss: 4.1964, lr: 1.26e-04, time/batch: 1.059s
step 1120, loss: 4.7229, avg_loss: 4.6633, best_loss: 4.1964, lr: 1.27e-04, time/batch: 0.977s
step 1130, loss: 4.3375, avg_loss: 4.6667, best_loss: 4.1964, lr: 1.28e-04, time/batch: 1.006s
step 1140, loss: 4.3429, avg_loss: 4.6309, best_loss: 4.1964, lr: 1.30e-04, time/batch: 1.089s
step 1150, loss: 4.7402, avg_loss: 4.6061, best_loss: 4.1776, lr: 1.31e-04, time/batch: 0.978s
step 1160, loss: 4.4350, avg_loss: 4.5944, best_loss: 4.1776, lr: 1.33e-04, time/batch: 0.992s
step 1170, loss: 4.6680, avg_loss: 4.5623, best_loss: 4.0734, lr: 1.34e-04, time/batch: 1.058s
step 1180, loss: 4.5053, avg_loss: 4.5658, best_loss: 4.0734, lr: 1.35e-04, time/batch: 0.975s
step 1190, loss: 4.3744, avg_loss: 4.5629, best_loss: 4.0734, lr: 1.37e-04, time/batch: 0.994s
step 1200, loss: 4.8485, avg_loss: 4.5409, best_loss: 4.0734, lr: 1.38e-04, time/batch: 1.034s
step 1210, loss: 4.5254, avg_loss: 4.5544, best_loss: 4.0734, lr: 1.39e-04, time/batch: 0.984s
step 1220, loss: 4.4954, avg_loss: 4.5302, best_loss: 4.0734, lr: 1.41e-04, time/batch: 1.031s
step 1230, loss: 4.6460, avg_loss: 4.4866, best_loss: 4.0462, lr: 1.42e-04, time/batch: 0.995s
step 1240, loss: 4.5232, avg_loss: 4.4806, best_loss: 4.0462, lr: 1.43e-04, time/batch: 0.989s
step 1250, loss: 4.3230, avg_loss: 4.4554, best_loss: 4.0180, lr: 1.45e-04, time/batch: 1.055s
step 1260, loss: 4.2907, avg_loss: 4.4553, best_loss: 3.9709, lr: 1.46e-04, time/batch: 0.979s
step 1270, loss: 4.3344, avg_loss: 4.4565, best_loss: 3.9709, lr: 1.47e-04, time/batch: 1.043s
step 1280, loss: 4.3465, avg_loss: 4.4336, best_loss: 3.9709, lr: 1.49e-04, time/batch: 0.987s
step 1290, loss: 4.7035, avg_loss: 4.4477, best_loss: 3.9709, lr: 1.50e-04, time/batch: 1.004s
step 1300, loss: 4.0529, avg_loss: 4.4297, best_loss: 3.9709, lr: 1.51e-04, time/batch: 1.002s
step 1310, loss: 4.6551, avg_loss: 4.3780, best_loss: 3.9275, lr: 1.52e-04, time/batch: 0.991s
step 1320, loss: 4.2166, avg_loss: 4.3755, best_loss: 3.9275, lr: 1.54e-04, time/batch: 1.026s
step 1330, loss: 4.3898, avg_loss: 4.3649, best_loss: 3.9158, lr: 1.55e-04, time/batch: 0.999s
step 1340, loss: 4.4417, avg_loss: 4.3593, best_loss: 3.8994, lr: 1.56e-04, time/batch: 1.034s
step 1350, loss: 4.2716, avg_loss: 4.3626, best_loss: 3.8994, lr: 1.57e-04, time/batch: 0.978s
step 1360, loss: 4.2278, avg_loss: 4.3405, best_loss: 3.8994, lr: 1.58e-04, time/batch: 1.016s
step 1370, loss: 4.4189, avg_loss: 4.3498, best_loss: 3.8994, lr: 1.60e-04, time/batch: 1.002s
step 1380, loss: 4.1394, avg_loss: 4.3455, best_loss: 3.8994, lr: 1.61e-04, time/batch: 1.002s
step 1390, loss: 3.8612, avg_loss: 4.2883, best_loss: 3.8452, lr: 1.62e-04, time/batch: 1.014s
step 1400, loss: 4.0597, avg_loss: 4.2864, best_loss: 3.8246, lr: 1.63e-04, time/batch: 1.018s
step 1410, loss: 3.8278, avg_loss: 4.2767, best_loss: 3.8246, lr: 1.64e-04, time/batch: 1.015s
step 1420, loss: 4.2813, avg_loss: 4.2614, best_loss: 3.7960, lr: 1.65e-04, time/batch: 1.021s
step 1430, loss: 4.1791, avg_loss: 4.2619, best_loss: 3.7960, lr: 1.66e-04, time/batch: 1.017s
step 1440, loss: 4.1840, avg_loss: 4.2454, best_loss: 3.7960, lr: 1.68e-04, time/batch: 1.016s
step 1450, loss: 4.8428, avg_loss: 4.2421, best_loss: 3.7960, lr: 1.69e-04, time/batch: 1.017s
step 1460, loss: 4.1881, avg_loss: 4.2456, best_loss: 3.7960, lr: 1.70e-04, time/batch: 1.022s
step 1470, loss: 4.0570, avg_loss: 4.2031, best_loss: 3.7960, lr: 1.71e-04, time/batch: 1.023s
step 1480, loss: 4.1392, avg_loss: 4.1865, best_loss: 3.7312, lr: 1.72e-04, time/batch: 1.014s
step 1490, loss: 4.0746, avg_loss: 4.1826, best_loss: 3.7312, lr: 1.73e-04, time/batch: 1.018s
step 1500, loss: 4.3301, avg_loss: 4.1586, best_loss: 3.7169, lr: 1.74e-04, time/batch: 1.019s
step 1510, loss: 4.3029, avg_loss: 4.1633, best_loss: 3.7169, lr: 1.75e-04, time/batch: 1.024s
step 1520, loss: 4.3196, avg_loss: 4.1550, best_loss: 3.7169, lr: 1.76e-04, time/batch: 1.033s
step 1530, loss: 4.2488, avg_loss: 4.1415, best_loss: 3.7169, lr: 1.77e-04, time/batch: 1.023s
step 1540, loss: 3.9113, avg_loss: 4.1534, best_loss: 3.7169, lr: 1.78e-04, time/batch: 1.029s
step 1550, loss: 3.8516, avg_loss: 4.1239, best_loss: 3.7169, lr: 1.79e-04, time/batch: 1.030s
step 1560, loss: 4.2486, avg_loss: 4.0987, best_loss: 3.6452, lr: 1.80e-04, time/batch: 1.027s
step 1570, loss: 3.9776, avg_loss: 4.0922, best_loss: 3.6452, lr: 1.80e-04, time/batch: 1.030s
step 1580, loss: 4.2083, avg_loss: 4.0681, best_loss: 3.6441, lr: 1.81e-04, time/batch: 1.031s
step 1590, loss: 4.0726, avg_loss: 4.0758, best_loss: 3.6441, lr: 1.82e-04, time/batch: 1.029s
step 1600, loss: 3.8876, avg_loss: 4.0765, best_loss: 3.6441, lr: 1.83e-04, time/batch: 1.029s
step 1610, loss: 4.3706, avg_loss: 4.0567, best_loss: 3.6441, lr: 1.84e-04, time/batch: 1.030s
step 1620, loss: 4.0749, avg_loss: 4.0744, best_loss: 3.6441, lr: 1.85e-04, time/batch: 1.023s
step 1630, loss: 4.0001, avg_loss: 4.0579, best_loss: 3.6441, lr: 1.85e-04, time/batch: 1.028s
step 1640, loss: 4.2384, avg_loss: 4.0147, best_loss: 3.5503, lr: 1.86e-04, time/batch: 1.022s
step 1650, loss: 4.0567, avg_loss: 4.0098, best_loss: 3.5503, lr: 1.87e-04, time/batch: 1.018s
step 1660, loss: 3.8372, avg_loss: 3.9893, best_loss: 3.5503, lr: 1.88e-04, time/batch: 1.017s
step 1670, loss: 3.8966, avg_loss: 3.9934, best_loss: 3.5503, lr: 1.88e-04, time/batch: 1.015s
step 1680, loss: 3.8295, avg_loss: 3.9946, best_loss: 3.5503, lr: 1.89e-04, time/batch: 1.018s
step 1690, loss: 3.8286, avg_loss: 3.9706, best_loss: 3.5503, lr: 1.90e-04, time/batch: 1.019s
step 1700, loss: 4.2268, avg_loss: 3.9841, best_loss: 3.5503, lr: 1.90e-04, time/batch: 1.023s
step 1710, loss: 3.6710, avg_loss: 3.9728, best_loss: 3.5503, lr: 1.91e-04, time/batch: 1.021s
step 1720, loss: 4.1980, avg_loss: 3.9223, best_loss: 3.4703, lr: 1.92e-04, time/batch: 1.016s
step 1730, loss: 3.7201, avg_loss: 3.9167, best_loss: 3.4703, lr: 1.92e-04, time/batch: 1.014s
step 1740, loss: 3.9339, avg_loss: 3.9065, best_loss: 3.4698, lr: 1.93e-04, time/batch: 1.022s
step 1750, loss: 4.0091, avg_loss: 3.9021, best_loss: 3.4581, lr: 1.93e-04, time/batch: 1.025s
step 1760, loss: 3.8025, avg_loss: 3.9061, best_loss: 3.4581, lr: 1.94e-04, time/batch: 1.046s
step 1770, loss: 3.7675, avg_loss: 3.8814, best_loss: 3.4581, lr: 1.94e-04, time/batch: 1.026s
step 1780, loss: 3.9293, avg_loss: 3.8894, best_loss: 3.4581, lr: 1.95e-04, time/batch: 1.027s
step 1790, loss: 3.7397, avg_loss: 3.8895, best_loss: 3.4581, lr: 1.95e-04, time/batch: 1.025s
step 1800, loss: 3.4140, avg_loss: 3.8376, best_loss: 3.3957, lr: 1.96e-04, time/batch: 1.032s
step 1810, loss: 3.6233, avg_loss: 3.8317, best_loss: 3.3793, lr: 1.96e-04, time/batch: 1.024s
step 1820, loss: 3.3854, avg_loss: 3.8204, best_loss: 3.3793, lr: 1.97e-04, time/batch: 1.026s
step 1830, loss: 3.8944, avg_loss: 3.8077, best_loss: 3.3699, lr: 1.97e-04, time/batch: 1.018s
step 1840, loss: 3.7354, avg_loss: 3.8129, best_loss: 3.3699, lr: 1.97e-04, time/batch: 1.026s
step 1850, loss: 3.7680, avg_loss: 3.7964, best_loss: 3.3699, lr: 1.98e-04, time/batch: 1.027s
step 1860, loss: 4.3489, avg_loss: 3.7945, best_loss: 3.3699, lr: 1.98e-04, time/batch: 1.027s
step 1870, loss: 3.7998, avg_loss: 3.8019, best_loss: 3.3699, lr: 1.98e-04, time/batch: 1.026s
step 1880, loss: 3.6077, avg_loss: 3.7659, best_loss: 3.3699, lr: 1.98e-04, time/batch: 1.028s
step 1890, loss: 3.6811, avg_loss: 3.7476, best_loss: 3.2734, lr: 1.99e-04, time/batch: 1.029s
step 1900, loss: 3.6155, avg_loss: 3.7413, best_loss: 3.2734, lr: 1.99e-04, time/batch: 1.038s
step 1910, loss: 3.9023, avg_loss: 3.7217, best_loss: 3.2734, lr: 1.99e-04, time/batch: 1.029s
step 1920, loss: 3.7815, avg_loss: 3.7298, best_loss: 3.2734, lr: 1.99e-04, time/batch: 1.029s
step 1930, loss: 3.8311, avg_loss: 3.7177, best_loss: 3.2734, lr: 1.99e-04, time/batch: 1.028s
step 1940, loss: 3.8349, avg_loss: 3.7022, best_loss: 3.2734, lr: 2.00e-04, time/batch: 1.033s
step 1950, loss: 3.5336, avg_loss: 3.7157, best_loss: 3.2734, lr: 2.00e-04, time/batch: 1.041s
step 1960, loss: 3.4180, avg_loss: 3.6892, best_loss: 3.2734, lr: 2.00e-04, time/batch: 1.029s
step 1970, loss: 3.7474, avg_loss: 3.6603, best_loss: 3.1832, lr: 2.00e-04, time/batch: 1.236s
step 1980, loss: 3.4698, avg_loss: 3.6499, best_loss: 3.1832, lr: 2.00e-04, time/batch: 1.175s
step 1990, loss: 3.7728, avg_loss: 3.6280, best_loss: 3.1832, lr: 2.00e-04, time/batch: 1.022s
step 2000, loss: 3.5746, avg_loss: 3.6361, best_loss: 3.1832, lr: 2.00e-04, time/batch: 1.052s
step 2010, loss: 3.4857, avg_loss: 3.6304, best_loss: 3.1832, lr: 2.00e-04, time/batch: 1.028s
step 2020, loss: 3.9061, avg_loss: 3.6090, best_loss: 3.1832, lr: 2.00e-04, time/batch: 1.035s
step 2030, loss: 3.6378, avg_loss: 3.6291, best_loss: 3.1832, lr: 2.00e-04, time/batch: 1.042s
step 2040, loss: 3.5828, avg_loss: 3.6148, best_loss: 3.1832, lr: 2.00e-04, time/batch: 1.039s
step 2050, loss: 3.7809, avg_loss: 3.5716, best_loss: 3.1173, lr: 2.00e-04, time/batch: 1.052s
step 2060, loss: 3.6275, avg_loss: 3.5610, best_loss: 3.1173, lr: 2.00e-04, time/batch: 1.052s
step 2070, loss: 3.4170, avg_loss: 3.5429, best_loss: 3.1173, lr: 2.00e-04, time/batch: 1.037s
step 2080, loss: 3.4338, avg_loss: 3.5495, best_loss: 3.1173, lr: 2.00e-04, time/batch: 1.034s
step 2090, loss: 3.3477, avg_loss: 3.5476, best_loss: 3.1173, lr: 2.00e-04, time/batch: 1.041s
step 2100, loss: 3.4215, avg_loss: 3.5244, best_loss: 3.1173, lr: 2.00e-04, time/batch: 1.033s
step 2110, loss: 3.8133, avg_loss: 3.5418, best_loss: 3.1173, lr: 2.00e-04, time/batch: 1.042s
step 2120, loss: 3.2549, avg_loss: 3.5332, best_loss: 3.1173, lr: 2.00e-04, time/batch: 1.033s
step 2130, loss: 3.7270, avg_loss: 3.4854, best_loss: 3.0511, lr: 2.00e-04, time/batch: 1.035s
step 2140, loss: 3.3046, avg_loss: 3.4772, best_loss: 3.0511, lr: 2.00e-04, time/batch: 1.024s
step 2150, loss: 3.5087, avg_loss: 3.4676, best_loss: 3.0511, lr: 2.00e-04, time/batch: 1.128s
step 2160, loss: 3.5591, avg_loss: 3.4654, best_loss: 3.0480, lr: 2.00e-04, time/batch: 1.139s
step 2170, loss: 3.3438, avg_loss: 3.4675, best_loss: 3.0480, lr: 2.00e-04, time/batch: 1.132s
step 2180, loss: 3.3481, avg_loss: 3.4417, best_loss: 3.0480, lr: 2.00e-04, time/batch: 1.134s
step 2190, loss: 3.5144, avg_loss: 3.4514, best_loss: 3.0480, lr: 2.00e-04, time/batch: 1.136s
step 2200, loss: 3.3221, avg_loss: 3.4514, best_loss: 3.0480, lr: 2.00e-04, time/batch: 1.153s
step 2210, loss: 3.0454, avg_loss: 3.4047, best_loss: 3.0094, lr: 2.00e-04, time/batch: 1.139s
step 2220, loss: 3.1898, avg_loss: 3.3986, best_loss: 2.9727, lr: 2.00e-04, time/batch: 1.135s
step 2230, loss: 2.9893, avg_loss: 3.3871, best_loss: 2.9727, lr: 2.00e-04, time/batch: 1.160s
step 2240, loss: 3.4107, avg_loss: 3.3739, best_loss: 2.9372, lr: 2.00e-04, time/batch: 1.144s
step 2250, loss: 3.2554, avg_loss: 3.3740, best_loss: 2.9372, lr: 2.00e-04, time/batch: 1.176s
step 2260, loss: 3.2824, avg_loss: 3.3547, best_loss: 2.9372, lr: 2.00e-04, time/batch: 1.157s
step 2270, loss: 3.9403, avg_loss: 3.3528, best_loss: 2.9372, lr: 2.00e-04, time/batch: 1.057s
step 2280, loss: 3.3575, avg_loss: 3.3599, best_loss: 2.9372, lr: 2.00e-04, time/batch: 1.050s
step 2290, loss: 3.1959, avg_loss: 3.3284, best_loss: 2.9372, lr: 2.00e-04, time/batch: 1.025s
step 2300, loss: 3.2837, avg_loss: 3.3134, best_loss: 2.8746, lr: 2.00e-04, time/batch: 1.013s
step 2310, loss: 3.1892, avg_loss: 3.3052, best_loss: 2.8746, lr: 2.00e-04, time/batch: 1.015s
step 2320, loss: 3.4597, avg_loss: 3.2842, best_loss: 2.8746, lr: 2.00e-04, time/batch: 1.008s
step 2330, loss: 3.3257, avg_loss: 3.2878, best_loss: 2.8746, lr: 2.00e-04, time/batch: 1.012s
step 2340, loss: 3.3615, avg_loss: 3.2747, best_loss: 2.8746, lr: 2.00e-04, time/batch: 1.012s
step 2350, loss: 3.3656, avg_loss: 3.2593, best_loss: 2.8746, lr: 2.00e-04, time/batch: 0.998s
step 2360, loss: 3.0741, avg_loss: 3.2766, best_loss: 2.8746, lr: 2.00e-04, time/batch: 0.993s
step 2370, loss: 3.0436, avg_loss: 3.2560, best_loss: 2.8746, lr: 2.00e-04, time/batch: 1.008s
step 2380, loss: 3.4125, avg_loss: 3.2321, best_loss: 2.8084, lr: 2.00e-04, time/batch: 1.030s
step 2390, loss: 3.0624, avg_loss: 3.2221, best_loss: 2.8084, lr: 2.00e-04, time/batch: 1.026s
step 2400, loss: 3.3212, avg_loss: 3.1976, best_loss: 2.8084, lr: 2.00e-04, time/batch: 1.030s
step 2410, loss: 3.1173, avg_loss: 3.2008, best_loss: 2.8084, lr: 2.00e-04, time/batch: 1.032s
step 2420, loss: 3.0596, avg_loss: 3.1952, best_loss: 2.8084, lr: 2.00e-04, time/batch: 1.034s
step 2430, loss: 3.3875, avg_loss: 3.1739, best_loss: 2.8084, lr: 2.00e-04, time/batch: 1.041s
step 2440, loss: 3.2540, avg_loss: 3.1925, best_loss: 2.8084, lr: 2.00e-04, time/batch: 1.038s
step 2450, loss: 3.1686, avg_loss: 3.1811, best_loss: 2.8084, lr: 2.00e-04, time/batch: 1.032s
step 2460, loss: 3.3667, avg_loss: 3.1369, best_loss: 2.6978, lr: 2.00e-04, time/batch: 1.036s
step 2470, loss: 3.2258, avg_loss: 3.1287, best_loss: 2.6978, lr: 2.00e-04, time/batch: 1.034s
step 2480, loss: 2.9794, avg_loss: 3.1096, best_loss: 2.6978, lr: 2.00e-04, time/batch: 1.032s
step 2490, loss: 2.9312, avg_loss: 3.1088, best_loss: 2.6978, lr: 2.00e-04, time/batch: 1.036s
step 2500, loss: 2.9038, avg_loss: 3.1033, best_loss: 2.6978, lr: 2.00e-04, time/batch: 1.074s
step 2510, loss: 2.9653, avg_loss: 3.0787, best_loss: 2.6978, lr: 2.00e-04, time/batch: 1.207s
step 2520, loss: 3.3669, avg_loss: 3.0914, best_loss: 2.6978, lr: 2.00e-04, time/batch: 1.022s
step 2530, loss: 2.7922, avg_loss: 3.0837, best_loss: 2.6978, lr: 2.00e-04, time/batch: 1.050s
step 2540, loss: 3.2623, avg_loss: 3.0378, best_loss: 2.6171, lr: 2.00e-04, time/batch: 1.047s
step 2550, loss: 2.8894, avg_loss: 3.0334, best_loss: 2.6171, lr: 2.00e-04, time/batch: 1.135s
step 2560, loss: 3.0266, avg_loss: 3.0305, best_loss: 2.6171, lr: 2.00e-04, time/batch: 1.181s
step 2570, loss: 3.0996, avg_loss: 3.0224, best_loss: 2.6171, lr: 2.00e-04, time/batch: 1.139s
step 2580, loss: 2.8521, avg_loss: 3.0169, best_loss: 2.6171, lr: 1.99e-04, time/batch: 1.098s
step 2590, loss: 2.8494, avg_loss: 2.9899, best_loss: 2.6171, lr: 1.99e-04, time/batch: 1.082s
step 2600, loss: 3.0467, avg_loss: 2.9976, best_loss: 2.6171, lr: 1.99e-04, time/batch: 1.101s
step 2610, loss: 2.8198, avg_loss: 3.0004, best_loss: 2.6171, lr: 1.99e-04, time/batch: 1.116s
step 2620, loss: 2.5912, avg_loss: 2.9553, best_loss: 2.5774, lr: 1.99e-04, time/batch: 1.071s
step 2630, loss: 2.7897, avg_loss: 2.9506, best_loss: 2.5173, lr: 1.99e-04, time/batch: 1.101s
step 2640, loss: 2.6484, avg_loss: 2.9496, best_loss: 2.5173, lr: 1.99e-04, time/batch: 1.084s
step 2650, loss: 2.9383, avg_loss: 2.9347, best_loss: 2.5173, lr: 1.99e-04, time/batch: 1.062s
step 2660, loss: 2.7659, avg_loss: 2.9252, best_loss: 2.5173, lr: 1.99e-04, time/batch: 1.048s
step 2670, loss: 2.7829, avg_loss: 2.9051, best_loss: 2.5173, lr: 1.99e-04, time/batch: 1.048s
step 2680, loss: 3.4360, avg_loss: 2.9043, best_loss: 2.5173, lr: 1.99e-04, time/batch: 1.046s
step 2690, loss: 2.9483, avg_loss: 2.9162, best_loss: 2.5173, lr: 1.99e-04, time/batch: 1.053s
step 2700, loss: 2.7359, avg_loss: 2.8862, best_loss: 2.5173, lr: 1.99e-04, time/batch: 1.067s
step 2710, loss: 2.8404, avg_loss: 2.8689, best_loss: 2.4592, lr: 1.99e-04, time/batch: 1.042s
step 2720, loss: 2.7955, avg_loss: 2.8677, best_loss: 2.4592, lr: 1.99e-04, time/batch: 1.052s
step 2730, loss: 2.9988, avg_loss: 2.8501, best_loss: 2.4592, lr: 1.99e-04, time/batch: 1.044s
step 2740, loss: 2.8577, avg_loss: 2.8431, best_loss: 2.4592, lr: 1.99e-04, time/batch: 1.055s
step 2750, loss: 2.9105, avg_loss: 2.8296, best_loss: 2.4592, lr: 1.99e-04, time/batch: 1.053s
step 2760, loss: 2.9133, avg_loss: 2.8154, best_loss: 2.4592, lr: 1.99e-04, time/batch: 1.076s
step 2770, loss: 2.7137, avg_loss: 2.8317, best_loss: 2.4592, lr: 1.99e-04, time/batch: 1.040s
step 2780, loss: 2.5361, avg_loss: 2.8115, best_loss: 2.4592, lr: 1.99e-04, time/batch: 1.053s
step 2790, loss: 2.9124, avg_loss: 2.7822, best_loss: 2.3566, lr: 1.99e-04, time/batch: 1.056s
step 2800, loss: 2.6568, avg_loss: 2.7760, best_loss: 2.3566, lr: 1.99e-04, time/batch: 1.055s
step 2810, loss: 2.8606, avg_loss: 2.7566, best_loss: 2.3566, lr: 1.99e-04, time/batch: 1.134s
step 2820, loss: 2.6646, avg_loss: 2.7532, best_loss: 2.3566, lr: 1.99e-04, time/batch: 1.185s
step 2830, loss: 2.6612, avg_loss: 2.7445, best_loss: 2.3566, lr: 1.99e-04, time/batch: 1.155s
step 2840, loss: 2.9242, avg_loss: 2.7225, best_loss: 2.3566, lr: 1.99e-04, time/batch: 1.156s
step 2850, loss: 2.7732, avg_loss: 2.7399, best_loss: 2.3566, lr: 1.99e-04, time/batch: 1.166s
step 2860, loss: 2.7395, avg_loss: 2.7339, best_loss: 2.3566, lr: 1.99e-04, time/batch: 1.156s
step 2870, loss: 2.9343, avg_loss: 2.6913, best_loss: 2.2711, lr: 1.99e-04, time/batch: 1.164s
step 2880, loss: 2.7510, avg_loss: 2.6831, best_loss: 2.2711, lr: 1.99e-04, time/batch: 1.163s
step 2890, loss: 2.5305, avg_loss: 2.6693, best_loss: 2.2711, lr: 1.99e-04, time/batch: 1.162s
step 2900, loss: 2.5024, avg_loss: 2.6658, best_loss: 2.2711, lr: 1.99e-04, time/batch: 1.160s
step 2910, loss: 2.4832, avg_loss: 2.6576, best_loss: 2.2711, lr: 1.99e-04, time/batch: 1.147s
step 2920, loss: 2.5083, avg_loss: 2.6360, best_loss: 2.2711, lr: 1.99e-04, time/batch: 1.138s
step 2930, loss: 2.8807, avg_loss: 2.6478, best_loss: 2.2711, lr: 1.99e-04, time/batch: 1.053s
step 2940, loss: 2.3698, avg_loss: 2.6459, best_loss: 2.2711, lr: 1.99e-04, time/batch: 1.118s
step 2950, loss: 2.7650, avg_loss: 2.6010, best_loss: 2.1807, lr: 1.99e-04, time/batch: 1.214s
step 2960, loss: 2.4510, avg_loss: 2.5931, best_loss: 2.1807, lr: 1.99e-04, time/batch: 1.122s
step 2970, loss: 2.5777, avg_loss: 2.5890, best_loss: 2.1807, lr: 1.99e-04, time/batch: 1.086s
step 2980, loss: 2.6755, avg_loss: 2.5819, best_loss: 2.1807, lr: 1.99e-04, time/batch: 1.084s
step 2990, loss: 2.4574, avg_loss: 2.5764, best_loss: 2.1807, lr: 1.99e-04, time/batch: 1.132s
step 3000, loss: 2.4068, avg_loss: 2.5528, best_loss: 2.1807, lr: 1.98e-04, time/batch: 1.082s
step 3010, loss: 2.6032, avg_loss: 2.5607, best_loss: 2.1807, lr: 1.98e-04, time/batch: 1.100s
step 3020, loss: 2.4607, avg_loss: 2.5669, best_loss: 2.1807, lr: 1.98e-04, time/batch: 1.057s
step 3030, loss: 2.1383, avg_loss: 2.5234, best_loss: 2.1383, lr: 1.98e-04, time/batch: 1.072s
step 3040, loss: 2.3741, avg_loss: 2.5159, best_loss: 2.0830, lr: 1.98e-04, time/batch: 1.061s
step 3050, loss: 2.2150, avg_loss: 2.5137, best_loss: 2.0830, lr: 1.98e-04, time/batch: 1.104s
step 3060, loss: 2.4702, avg_loss: 2.4982, best_loss: 2.0830, lr: 1.98e-04, time/batch: 1.099s
step 3070, loss: 2.3147, avg_loss: 2.4928, best_loss: 2.0830, lr: 1.98e-04, time/batch: 1.061s
step 3080, loss: 2.3391, avg_loss: 2.4752, best_loss: 2.0830, lr: 1.98e-04, time/batch: 1.070s
step 3090, loss: 2.9905, avg_loss: 2.4729, best_loss: 2.0830, lr: 1.98e-04, time/batch: 1.070s
step 3100, loss: 2.5643, avg_loss: 2.4855, best_loss: 2.0830, lr: 1.98e-04, time/batch: 1.059s
step 3110, loss: 2.2577, avg_loss: 2.4554, best_loss: 2.0830, lr: 1.98e-04, time/batch: 1.107s
step 3120, loss: 2.3905, avg_loss: 2.4350, best_loss: 2.0106, lr: 1.98e-04, time/batch: 1.063s
step 3130, loss: 2.3765, avg_loss: 2.4342, best_loss: 2.0106, lr: 1.98e-04, time/batch: 1.118s
step 3140, loss: 2.5142, avg_loss: 2.4150, best_loss: 2.0106, lr: 1.98e-04, time/batch: 1.085s
step 3150, loss: 2.4037, avg_loss: 2.4086, best_loss: 2.0106, lr: 1.98e-04, time/batch: 1.063s
step 3160, loss: 2.4566, avg_loss: 2.3959, best_loss: 2.0106, lr: 1.98e-04, time/batch: 1.066s
step 3170, loss: 2.4137, avg_loss: 2.3774, best_loss: 2.0106, lr: 1.98e-04, time/batch: 1.057s
step 3180, loss: 2.2788, avg_loss: 2.3907, best_loss: 2.0106, lr: 1.98e-04, time/batch: 1.060s
step 3190, loss: 2.0942, avg_loss: 2.3738, best_loss: 2.0106, lr: 1.98e-04, time/batch: 1.057s
step 3200, loss: 2.4762, avg_loss: 2.3441, best_loss: 1.9369, lr: 1.98e-04, time/batch: 1.094s
step 3210, loss: 2.2208, avg_loss: 2.3389, best_loss: 1.9369, lr: 1.98e-04, time/batch: 1.107s
step 3220, loss: 2.4107, avg_loss: 2.3210, best_loss: 1.9369, lr: 1.98e-04, time/batch: 1.072s
step 3230, loss: 2.2545, avg_loss: 2.3165, best_loss: 1.9369, lr: 1.98e-04, time/batch: 1.099s
step 3240, loss: 2.2244, avg_loss: 2.3093, best_loss: 1.9369, lr: 1.98e-04, time/batch: 1.062s
step 3250, loss: 2.4601, avg_loss: 2.2886, best_loss: 1.9369, lr: 1.98e-04, time/batch: 1.094s
step 3260, loss: 2.3407, avg_loss: 2.3043, best_loss: 1.9369, lr: 1.98e-04, time/batch: 1.114s
step 3270, loss: 2.3183, avg_loss: 2.3025, best_loss: 1.9369, lr: 1.98e-04, time/batch: 1.064s
step 3280, loss: 2.5254, avg_loss: 2.2630, best_loss: 1.8735, lr: 1.98e-04, time/batch: 1.063s
step 3290, loss: 2.3196, avg_loss: 2.2552, best_loss: 1.8735, lr: 1.97e-04, time/batch: 1.070s
step 3300, loss: 2.1602, avg_loss: 2.2441, best_loss: 1.8735, lr: 1.97e-04, time/batch: 1.063s
step 3310, loss: 2.0694, avg_loss: 2.2408, best_loss: 1.8735, lr: 1.97e-04, time/batch: 1.079s
step 3320, loss: 2.0726, avg_loss: 2.2333, best_loss: 1.8735, lr: 1.97e-04, time/batch: 1.061s
step 3330, loss: 2.0914, avg_loss: 2.2139, best_loss: 1.8735, lr: 1.97e-04, time/batch: 1.068s
step 3340, loss: 2.4466, avg_loss: 2.2240, best_loss: 1.8735, lr: 1.97e-04, time/batch: 1.063s
step 3350, loss: 1.9945, avg_loss: 2.2238, best_loss: 1.8735, lr: 1.97e-04, time/batch: 1.095s
step 3360, loss: 2.3611, avg_loss: 2.1833, best_loss: 1.8016, lr: 1.97e-04, time/batch: 1.063s
step 3370, loss: 2.0229, avg_loss: 2.1754, best_loss: 1.8016, lr: 1.97e-04, time/batch: 1.065s
step 3380, loss: 2.1750, avg_loss: 2.1724, best_loss: 1.8016, lr: 1.97e-04, time/batch: 1.068s
step 3390, loss: 2.2155, avg_loss: 2.1636, best_loss: 1.8016, lr: 1.97e-04, time/batch: 1.079s
step 3400, loss: 2.0004, avg_loss: 2.1544, best_loss: 1.8016, lr: 1.97e-04, time/batch: 1.082s
step 3410, loss: 2.0046, avg_loss: 2.1338, best_loss: 1.8016, lr: 1.97e-04, time/batch: 1.187s
step 3420, loss: 2.1270, avg_loss: 2.1397, best_loss: 1.8016, lr: 1.97e-04, time/batch: 1.148s
step 3430, loss: 2.0285, avg_loss: 2.1452, best_loss: 1.8016, lr: 1.97e-04, time/batch: 1.165s
step 3440, loss: 1.7578, avg_loss: 2.1058, best_loss: 1.7527, lr: 1.97e-04, time/batch: 1.105s
step 3450, loss: 1.9894, avg_loss: 2.0986, best_loss: 1.7135, lr: 1.97e-04, time/batch: 1.204s
step 3460, loss: 1.8042, avg_loss: 2.0961, best_loss: 1.7135, lr: 1.97e-04, time/batch: 1.184s
step 3470, loss: 2.0744, avg_loss: 2.0818, best_loss: 1.7135, lr: 1.97e-04, time/batch: 1.113s
step 3480, loss: 1.9104, avg_loss: 2.0744, best_loss: 1.7135, lr: 1.97e-04, time/batch: 1.092s
step 3490, loss: 1.9236, avg_loss: 2.0586, best_loss: 1.7135, lr: 1.97e-04, time/batch: 1.138s
step 3500, loss: 2.4721, avg_loss: 2.0574, best_loss: 1.7135, lr: 1.97e-04, time/batch: 1.099s
step 3510, loss: 2.1913, avg_loss: 2.0652, best_loss: 1.7135, lr: 1.97e-04, time/batch: 1.091s
step 3520, loss: 1.8255, avg_loss: 2.0398, best_loss: 1.7135, lr: 1.96e-04, time/batch: 1.127s
step 3530, loss: 1.9811, avg_loss: 2.0214, best_loss: 1.6692, lr: 1.96e-04, time/batch: 1.128s
step 3540, loss: 1.9867, avg_loss: 2.0213, best_loss: 1.6692, lr: 1.96e-04, time/batch: 1.155s
step 3550, loss: 2.0416, avg_loss: 2.0014, best_loss: 1.6692, lr: 1.96e-04, time/batch: 1.247s
step 3560, loss: 1.9907, avg_loss: 1.9944, best_loss: 1.6692, lr: 1.96e-04, time/batch: 1.164s
step 3570, loss: 2.0794, avg_loss: 1.9808, best_loss: 1.6692, lr: 1.96e-04, time/batch: 1.120s
step 3580, loss: 1.9954, avg_loss: 1.9663, best_loss: 1.6692, lr: 1.96e-04, time/batch: 1.167s
step 3590, loss: 1.8665, avg_loss: 1.9748, best_loss: 1.6692, lr: 1.96e-04, time/batch: 1.131s
step 3600, loss: 1.6950, avg_loss: 1.9609, best_loss: 1.6692, lr: 1.96e-04, time/batch: 1.176s
step 3610, loss: 2.0845, avg_loss: 1.9343, best_loss: 1.5799, lr: 1.96e-04, time/batch: 1.183s
step 3620, loss: 1.8344, avg_loss: 1.9278, best_loss: 1.5799, lr: 1.96e-04, time/batch: 1.130s
step 3630, loss: 1.9967, avg_loss: 1.9105, best_loss: 1.5799, lr: 1.96e-04, time/batch: 1.122s
step 3640, loss: 1.8599, avg_loss: 1.9053, best_loss: 1.5799, lr: 1.96e-04, time/batch: 1.107s
step 3650, loss: 1.8303, avg_loss: 1.8979, best_loss: 1.5799, lr: 1.96e-04, time/batch: 1.118s
step 3660, loss: 2.0510, avg_loss: 1.8815, best_loss: 1.5799, lr: 1.96e-04, time/batch: 1.113s
step 3670, loss: 1.8995, avg_loss: 1.8952, best_loss: 1.5799, lr: 1.96e-04, time/batch: 1.103s
step 3680, loss: 1.9235, avg_loss: 1.8936, best_loss: 1.5799, lr: 1.96e-04, time/batch: 1.123s
step 3690, loss: 2.1007, avg_loss: 1.8599, best_loss: 1.5174, lr: 1.96e-04, time/batch: 1.103s
step 3700, loss: 1.8842, avg_loss: 1.8517, best_loss: 1.5174, lr: 1.96e-04, time/batch: 1.127s
step 3710, loss: 1.7469, avg_loss: 1.8443, best_loss: 1.5174, lr: 1.96e-04, time/batch: 1.104s
step 3720, loss: 1.6507, avg_loss: 1.8405, best_loss: 1.5174, lr: 1.96e-04, time/batch: 1.108s
step 3730, loss: 1.6783, avg_loss: 1.8323, best_loss: 1.5174, lr: 1.95e-04, time/batch: 1.098s
step 3740, loss: 1.7386, avg_loss: 1.8155, best_loss: 1.5174, lr: 1.95e-04, time/batch: 1.116s
step 3750, loss: 2.0143, avg_loss: 1.8266, best_loss: 1.5174, lr: 1.95e-04, time/batch: 1.109s
step 3760, loss: 1.6754, avg_loss: 1.8251, best_loss: 1.5174, lr: 1.95e-04, time/batch: 1.099s
step 3770, loss: 1.9553, avg_loss: 1.7908, best_loss: 1.4622, lr: 1.95e-04, time/batch: 1.116s
step 3780, loss: 1.6127, avg_loss: 1.7809, best_loss: 1.4622, lr: 1.95e-04, time/batch: 1.092s
step 3790, loss: 1.8231, avg_loss: 1.7815, best_loss: 1.4622, lr: 1.95e-04, time/batch: 1.124s
step 3800, loss: 1.8338, avg_loss: 1.7746, best_loss: 1.4622, lr: 1.95e-04, time/batch: 1.354s
step 3810, loss: 1.6379, avg_loss: 1.7650, best_loss: 1.4622, lr: 1.95e-04, time/batch: 1.233s
step 3820, loss: 1.5968, avg_loss: 1.7446, best_loss: 1.4622, lr: 1.95e-04, time/batch: 1.244s
step 3830, loss: 1.7764, avg_loss: 1.7517, best_loss: 1.4622, lr: 1.95e-04, time/batch: 1.222s
step 3840, loss: 1.6204, avg_loss: 1.7545, best_loss: 1.4622, lr: 1.95e-04, time/batch: 1.247s
step 3850, loss: 1.3884, avg_loss: 1.7208, best_loss: 1.3884, lr: 1.95e-04, time/batch: 1.218s
step 3860, loss: 1.5615, avg_loss: 1.7127, best_loss: 1.3884, lr: 1.95e-04, time/batch: 1.231s
step 3870, loss: 1.4558, avg_loss: 1.7072, best_loss: 1.3884, lr: 1.95e-04, time/batch: 1.227s
step 3880, loss: 1.6842, avg_loss: 1.6948, best_loss: 1.3884, lr: 1.95e-04, time/batch: 1.260s
step 3890, loss: 1.5252, avg_loss: 1.6849, best_loss: 1.3884, lr: 1.95e-04, time/batch: 1.244s
step 3900, loss: 1.5205, avg_loss: 1.6667, best_loss: 1.3884, lr: 1.95e-04, time/batch: 1.212s
step 3910, loss: 2.0326, avg_loss: 1.6624, best_loss: 1.3815, lr: 1.94e-04, time/batch: 1.083s
step 3920, loss: 1.7814, avg_loss: 1.6709, best_loss: 1.3815, lr: 1.94e-04, time/batch: 1.078s
step 3930, loss: 1.5188, avg_loss: 1.6492, best_loss: 1.3815, lr: 1.94e-04, time/batch: 1.079s
step 3940, loss: 1.6676, avg_loss: 1.6349, best_loss: 1.3309, lr: 1.94e-04, time/batch: 1.141s
step 3950, loss: 1.6155, avg_loss: 1.6299, best_loss: 1.3309, lr: 1.94e-04, time/batch: 1.131s
step 3960, loss: 1.7099, avg_loss: 1.6143, best_loss: 1.3309, lr: 1.94e-04, time/batch: 1.143s
step 3970, loss: 1.6218, avg_loss: 1.6084, best_loss: 1.3124, lr: 1.94e-04, time/batch: 1.104s
step 3980, loss: 1.6349, avg_loss: 1.5956, best_loss: 1.3124, lr: 1.94e-04, time/batch: 1.090s
step 3990, loss: 1.6024, avg_loss: 1.5796, best_loss: 1.2887, lr: 1.94e-04, time/batch: 1.091s
step 4000, loss: 1.4710, avg_loss: 1.5885, best_loss: 1.2887, lr: 1.94e-04, time/batch: 1.094s
step 4010, loss: 1.3603, avg_loss: 1.5788, best_loss: 1.2887, lr: 1.94e-04, time/batch: 1.072s
step 4020, loss: 1.6959, avg_loss: 1.5570, best_loss: 1.2483, lr: 1.94e-04, time/batch: 1.082s
step 4030, loss: 1.4528, avg_loss: 1.5496, best_loss: 1.2483, lr: 1.94e-04, time/batch: 1.090s
step 4040, loss: 1.5928, avg_loss: 1.5334, best_loss: 1.2483, lr: 1.94e-04, time/batch: 1.083s
step 4050, loss: 1.4764, avg_loss: 1.5279, best_loss: 1.2475, lr: 1.94e-04, time/batch: 1.095s
step 4060, loss: 1.4574, avg_loss: 1.5187, best_loss: 1.2475, lr: 1.94e-04, time/batch: 1.077s
step 4070, loss: 1.6554, avg_loss: 1.5023, best_loss: 1.2475, lr: 1.94e-04, time/batch: 1.083s
step 4080, loss: 1.5263, avg_loss: 1.5119, best_loss: 1.2475, lr: 1.93e-04, time/batch: 1.084s
step 4090, loss: 1.5949, avg_loss: 1.5133, best_loss: 1.2475, lr: 1.93e-04, time/batch: 1.072s
step 4100, loss: 1.7147, avg_loss: 1.4848, best_loss: 1.1851, lr: 1.93e-04, time/batch: 1.364s
step 4110, loss: 1.5398, avg_loss: 1.4786, best_loss: 1.1851, lr: 1.93e-04, time/batch: 1.087s
step 4120, loss: 1.3576, avg_loss: 1.4677, best_loss: 1.1851, lr: 1.93e-04, time/batch: 1.069s
step 4130, loss: 1.2826, avg_loss: 1.4603, best_loss: 1.1851, lr: 1.93e-04, time/batch: 1.052s
step 4140, loss: 1.3149, avg_loss: 1.4503, best_loss: 1.1851, lr: 1.93e-04, time/batch: 1.070s
step 4150, loss: 1.3346, avg_loss: 1.4358, best_loss: 1.1851, lr: 1.93e-04, time/batch: 1.057s
step 4160, loss: 1.5801, avg_loss: 1.4421, best_loss: 1.1851, lr: 1.93e-04, time/batch: 1.075s
step 4170, loss: 1.2991, avg_loss: 1.4412, best_loss: 1.1851, lr: 1.93e-04, time/batch: 1.062s
step 4180, loss: 1.5832, avg_loss: 1.4126, best_loss: 1.1230, lr: 1.93e-04, time/batch: 1.079s
step 4190, loss: 1.3002, avg_loss: 1.4063, best_loss: 1.1230, lr: 1.93e-04, time/batch: 1.069s
step 4200, loss: 1.4177, avg_loss: 1.4045, best_loss: 1.1230, lr: 1.93e-04, time/batch: 1.077s
step 4210, loss: 1.4323, avg_loss: 1.3933, best_loss: 1.1230, lr: 1.93e-04, time/batch: 1.079s
step 4220, loss: 1.2501, avg_loss: 1.3822, best_loss: 1.1147, lr: 1.93e-04, time/batch: 1.082s
step 4230, loss: 1.2038, avg_loss: 1.3653, best_loss: 1.1147, lr: 1.93e-04, time/batch: 1.082s
step 4240, loss: 1.3538, avg_loss: 1.3697, best_loss: 1.1147, lr: 1.92e-04, time/batch: 1.068s
step 4250, loss: 1.2856, avg_loss: 1.3720, best_loss: 1.1147, lr: 1.92e-04, time/batch: 1.073s
step 4260, loss: 1.0919, avg_loss: 1.3456, best_loss: 1.0919, lr: 1.92e-04, time/batch: 1.063s
step 4270, loss: 1.2295, avg_loss: 1.3405, best_loss: 1.0547, lr: 1.92e-04, time/batch: 1.254s
step 4280, loss: 1.1653, avg_loss: 1.3386, best_loss: 1.0547, lr: 1.92e-04, time/batch: 1.170s
step 4290, loss: 1.2841, avg_loss: 1.3246, best_loss: 1.0547, lr: 1.92e-04, time/batch: 1.168s
step 4300, loss: 1.1437, avg_loss: 1.3133, best_loss: 1.0547, lr: 1.92e-04, time/batch: 1.175s
step 4310, loss: 1.1882, avg_loss: 1.2980, best_loss: 1.0547, lr: 1.92e-04, time/batch: 1.174s
step 4320, loss: 1.5994, avg_loss: 1.2970, best_loss: 1.0390, lr: 1.92e-04, time/batch: 1.182s
step 4330, loss: 1.4146, avg_loss: 1.3029, best_loss: 1.0390, lr: 1.92e-04, time/batch: 1.170s
step 4340, loss: 1.1589, avg_loss: 1.2854, best_loss: 1.0390, lr: 1.92e-04, time/batch: 1.179s
step 4350, loss: 1.3234, avg_loss: 1.2730, best_loss: 0.9674, lr: 1.92e-04, time/batch: 1.184s
step 4360, loss: 1.2523, avg_loss: 1.2699, best_loss: 0.9674, lr: 1.92e-04, time/batch: 1.187s
step 4370, loss: 1.2911, avg_loss: 1.2535, best_loss: 0.9674, lr: 1.92e-04, time/batch: 1.204s
step 4380, loss: 1.2177, avg_loss: 1.2433, best_loss: 0.9674, lr: 1.91e-04, time/batch: 1.190s
step 4390, loss: 1.2379, avg_loss: 1.2294, best_loss: 0.9674, lr: 1.91e-04, time/batch: 1.066s
step 4400, loss: 1.2595, avg_loss: 1.2182, best_loss: 0.9674, lr: 1.91e-04, time/batch: 1.085s
step 4410, loss: 1.1206, avg_loss: 1.2247, best_loss: 0.9674, lr: 1.91e-04, time/batch: 1.074s
step 4420, loss: 1.0118, avg_loss: 1.2153, best_loss: 0.9674, lr: 1.91e-04, time/batch: 1.083s
step 4430, loss: 1.3149, avg_loss: 1.1970, best_loss: 0.9246, lr: 1.91e-04, time/batch: 1.074s
step 4440, loss: 1.0926, avg_loss: 1.1923, best_loss: 0.9246, lr: 1.91e-04, time/batch: 1.079s
step 4450, loss: 1.2292, avg_loss: 1.1790, best_loss: 0.9246, lr: 1.91e-04, time/batch: 1.084s
step 4460, loss: 1.1185, avg_loss: 1.1714, best_loss: 0.9246, lr: 1.91e-04, time/batch: 1.082s
step 4470, loss: 1.1417, avg_loss: 1.1618, best_loss: 0.9246, lr: 1.91e-04, time/batch: 1.120s
step 4480, loss: 1.3285, avg_loss: 1.1476, best_loss: 0.9246, lr: 1.91e-04, time/batch: 1.132s
step 4490, loss: 1.2082, avg_loss: 1.1580, best_loss: 0.9246, lr: 1.91e-04, time/batch: 1.079s
step 4500, loss: 1.2524, avg_loss: 1.1580, best_loss: 0.9246, lr: 1.91e-04, time/batch: 1.085s
step 4510, loss: 1.3199, avg_loss: 1.1348, best_loss: 0.8537, lr: 1.91e-04, time/batch: 1.076s
step 4520, loss: 1.2205, avg_loss: 1.1286, best_loss: 0.8537, lr: 1.90e-04, time/batch: 1.084s
step 4530, loss: 1.0363, avg_loss: 1.1212, best_loss: 0.8537, lr: 1.90e-04, time/batch: 1.071s
step 4540, loss: 0.9525, avg_loss: 1.1123, best_loss: 0.8537, lr: 1.90e-04, time/batch: 1.152s
step 4550, loss: 0.9624, avg_loss: 1.1011, best_loss: 0.8537, lr: 1.90e-04, time/batch: 1.239s
step 4560, loss: 1.0056, avg_loss: 1.0862, best_loss: 0.8537, lr: 1.90e-04, time/batch: 1.190s
step 4570, loss: 1.2408, avg_loss: 1.0959, best_loss: 0.8537, lr: 1.90e-04, time/batch: 1.190s
step 4580, loss: 0.9892, avg_loss: 1.0974, best_loss: 0.8537, lr: 1.90e-04, time/batch: 1.179s
step 4590, loss: 1.1831, avg_loss: 1.0745, best_loss: 0.8157, lr: 1.90e-04, time/batch: 1.191s
step 4600, loss: 0.9777, avg_loss: 1.0667, best_loss: 0.8157, lr: 1.90e-04, time/batch: 1.192s
step 4610, loss: 1.0715, avg_loss: 1.0660, best_loss: 0.8157, lr: 1.90e-04, time/batch: 1.205s
step 4620, loss: 1.0607, avg_loss: 1.0567, best_loss: 0.8157, lr: 1.90e-04, time/batch: 1.191s
step 4630, loss: 0.9240, avg_loss: 1.0449, best_loss: 0.8156, lr: 1.90e-04, time/batch: 1.182s
step 4640, loss: 0.9185, avg_loss: 1.0297, best_loss: 0.8156, lr: 1.90e-04, time/batch: 1.198s
step 4650, loss: 1.0505, avg_loss: 1.0376, best_loss: 0.8156, lr: 1.89e-04, time/batch: 1.194s
step 4660, loss: 0.9847, avg_loss: 1.0433, best_loss: 0.8156, lr: 1.89e-04, time/batch: 1.066s
step 4670, loss: 0.8727, avg_loss: 1.0201, best_loss: 0.8156, lr: 1.89e-04, time/batch: 1.059s
step 4680, loss: 0.9101, avg_loss: 1.0129, best_loss: 0.7849, lr: 1.89e-04, time/batch: 1.048s
step 4690, loss: 0.8255, avg_loss: 1.0078, best_loss: 0.7849, lr: 1.89e-04, time/batch: 1.047s
step 4700, loss: 0.9871, avg_loss: 0.9975, best_loss: 0.7849, lr: 1.89e-04, time/batch: 1.040s
step 4710, loss: 0.8779, avg_loss: 0.9857, best_loss: 0.7682, lr: 1.89e-04, time/batch: 1.039s
step 4720, loss: 0.8755, avg_loss: 0.9719, best_loss: 0.7682, lr: 1.89e-04, time/batch: 1.040s
step 4730, loss: 1.2908, avg_loss: 0.9745, best_loss: 0.7484, lr: 1.89e-04, time/batch: 1.033s
step 4740, loss: 1.1460, avg_loss: 0.9838, best_loss: 0.7484, lr: 1.89e-04, time/batch: 1.054s
step 4750, loss: 0.9103, avg_loss: 0.9685, best_loss: 0.7484, lr: 1.89e-04, time/batch: 1.027s
step 4760, loss: 0.9251, avg_loss: 0.9574, best_loss: 0.7413, lr: 1.89e-04, time/batch: 1.029s
step 4770, loss: 0.9532, avg_loss: 0.9518, best_loss: 0.7413, lr: 1.89e-04, time/batch: 1.023s
step 4780, loss: 0.9412, avg_loss: 0.9391, best_loss: 0.7413, lr: 1.88e-04, time/batch: 1.022s
step 4790, loss: 0.9320, avg_loss: 0.9316, best_loss: 0.7118, lr: 1.88e-04, time/batch: 1.026s
step 4800, loss: 0.9005, avg_loss: 0.9204, best_loss: 0.7118, lr: 1.88e-04, time/batch: 1.023s
step 4810, loss: 0.9862, avg_loss: 0.9125, best_loss: 0.6986, lr: 1.88e-04, time/batch: 1.027s
step 4820, loss: 0.8481, avg_loss: 0.9239, best_loss: 0.6986, lr: 1.88e-04, time/batch: 1.019s
step 4830, loss: 0.7761, avg_loss: 0.9179, best_loss: 0.6986, lr: 1.88e-04, time/batch: 1.033s
step 4840, loss: 1.0267, avg_loss: 0.9031, best_loss: 0.6945, lr: 1.88e-04, time/batch: 1.035s
step 4850, loss: 0.7687, avg_loss: 0.8948, best_loss: 0.6945, lr: 1.88e-04, time/batch: 1.025s
step 4860, loss: 0.9357, avg_loss: 0.8820, best_loss: 0.6945, lr: 1.88e-04, time/batch: 1.022s
step 4870, loss: 0.7973, avg_loss: 0.8755, best_loss: 0.6523, lr: 1.88e-04, time/batch: 1.025s
step 4880, loss: 0.8273, avg_loss: 0.8686, best_loss: 0.6523, lr: 1.88e-04, time/batch: 1.019s
step 4890, loss: 1.0350, avg_loss: 0.8565, best_loss: 0.6511, lr: 1.88e-04, time/batch: 1.023s
step 4900, loss: 0.9445, avg_loss: 0.8696, best_loss: 0.6511, lr: 1.87e-04, time/batch: 1.023s
step 4910, loss: 0.9823, avg_loss: 0.8739, best_loss: 0.6511, lr: 1.87e-04, time/batch: 1.022s
step 4920, loss: 1.0276, avg_loss: 0.8553, best_loss: 0.6511, lr: 1.87e-04, time/batch: 1.018s
step 4930, loss: 0.8881, avg_loss: 0.8480, best_loss: 0.6511, lr: 1.87e-04, time/batch: 1.021s
step 4940, loss: 0.7413, avg_loss: 0.8375, best_loss: 0.6511, lr: 1.87e-04, time/batch: 1.023s
step 4950, loss: 0.7000, avg_loss: 0.8342, best_loss: 0.6511, lr: 1.87e-04, time/batch: 1.036s
step 4960, loss: 0.7073, avg_loss: 0.8276, best_loss: 0.6301, lr: 1.87e-04, time/batch: 1.077s
step 4970, loss: 0.7235, avg_loss: 0.8159, best_loss: 0.6080, lr: 1.87e-04, time/batch: 1.078s
step 4980, loss: 0.9507, avg_loss: 0.8258, best_loss: 0.6080, lr: 1.87e-04, time/batch: 1.070s
step 4990, loss: 0.7403, avg_loss: 0.8300, best_loss: 0.6080, lr: 1.87e-04, time/batch: 1.070s
step 5000, loss: 0.9058, avg_loss: 0.8077, best_loss: 0.6080, lr: 1.87e-04, time/batch: 1.071s
step 5010, loss: 0.6785, avg_loss: 0.7972, best_loss: 0.6080, lr: 1.87e-04, time/batch: 1.068s
step 5020, loss: 0.7684, avg_loss: 0.7891, best_loss: 0.6080, lr: 1.86e-04, time/batch: 1.065s
step 5030, loss: 0.8003, avg_loss: 0.7822, best_loss: 0.6055, lr: 1.86e-04, time/batch: 1.065s
step 5040, loss: 0.6785, avg_loss: 0.7753, best_loss: 0.5859, lr: 1.86e-04, time/batch: 1.076s
step 5050, loss: 0.6212, avg_loss: 0.7613, best_loss: 0.5654, lr: 1.86e-04, time/batch: 1.072s
step 5060, loss: 0.7779, avg_loss: 0.7659, best_loss: 0.5626, lr: 1.86e-04, time/batch: 1.074s
step 5070, loss: 0.7272, avg_loss: 0.7745, best_loss: 0.5626, lr: 1.86e-04, time/batch: 1.069s
step 5080, loss: 0.6245, avg_loss: 0.7544, best_loss: 0.5626, lr: 1.86e-04, time/batch: 1.064s
step 5090, loss: 0.6300, avg_loss: 0.7463, best_loss: 0.5597, lr: 1.86e-04, time/batch: 1.069s
step 5100, loss: 0.5847, avg_loss: 0.7391, best_loss: 0.5597, lr: 1.86e-04, time/batch: 1.071s
step 5110, loss: 0.7645, avg_loss: 0.7312, best_loss: 0.5597, lr: 1.86e-04, time/batch: 1.066s
step 5120, loss: 0.6260, avg_loss: 0.7245, best_loss: 0.5225, lr: 1.86e-04, time/batch: 1.066s
step 5130, loss: 0.6114, avg_loss: 0.7123, best_loss: 0.5225, lr: 1.85e-04, time/batch: 1.067s
step 5140, loss: 0.9786, avg_loss: 0.7112, best_loss: 0.5214, lr: 1.85e-04, time/batch: 1.072s
step 5150, loss: 0.8740, avg_loss: 0.7214, best_loss: 0.5214, lr: 1.85e-04, time/batch: 1.072s
step 5160, loss: 0.6489, avg_loss: 0.7096, best_loss: 0.5214, lr: 1.85e-04, time/batch: 1.063s
step 5170, loss: 0.6559, avg_loss: 0.6971, best_loss: 0.5100, lr: 1.85e-04, time/batch: 1.073s
step 5180, loss: 0.6466, avg_loss: 0.6887, best_loss: 0.5100, lr: 1.85e-04, time/batch: 1.261s
step 5190, loss: 0.6779, avg_loss: 0.6771, best_loss: 0.5100, lr: 1.85e-04, time/batch: 1.038s
step 5200, loss: 0.6431, avg_loss: 0.6729, best_loss: 0.4945, lr: 1.85e-04, time/batch: 1.065s
step 5210, loss: 0.6297, avg_loss: 0.6628, best_loss: 0.4945, lr: 1.85e-04, time/batch: 1.052s
step 5220, loss: 0.6676, avg_loss: 0.6542, best_loss: 0.4679, lr: 1.85e-04, time/batch: 1.075s
step 5230, loss: 0.6343, avg_loss: 0.6646, best_loss: 0.4679, lr: 1.85e-04, time/batch: 1.054s
step 5240, loss: 0.5290, avg_loss: 0.6615, best_loss: 0.4679, lr: 1.84e-04, time/batch: 1.073s
step 5250, loss: 0.7324, avg_loss: 0.6461, best_loss: 0.4679, lr: 1.84e-04, time/batch: 1.055s
step 5260, loss: 0.5249, avg_loss: 0.6375, best_loss: 0.4679, lr: 1.84e-04, time/batch: 1.067s
step 5270, loss: 0.6448, avg_loss: 0.6250, best_loss: 0.4679, lr: 1.84e-04, time/batch: 1.098s
step 5280, loss: 0.5623, avg_loss: 0.6215, best_loss: 0.4679, lr: 1.84e-04, time/batch: 1.083s
step 5290, loss: 0.5970, avg_loss: 0.6161, best_loss: 0.4679, lr: 1.84e-04, time/batch: 1.073s
step 5300, loss: 0.7585, avg_loss: 0.6053, best_loss: 0.4477, lr: 1.84e-04, time/batch: 1.067s
step 5310, loss: 0.7034, avg_loss: 0.6158, best_loss: 0.4477, lr: 1.84e-04, time/batch: 1.071s
step 5320, loss: 0.7127, avg_loss: 0.6216, best_loss: 0.4477, lr: 1.84e-04, time/batch: 1.075s
step 5330, loss: 0.7479, avg_loss: 0.6034, best_loss: 0.4477, lr: 1.84e-04, time/batch: 1.069s
step 5340, loss: 0.6268, avg_loss: 0.5959, best_loss: 0.4477, lr: 1.83e-04, time/batch: 1.075s
step 5350, loss: 0.5260, avg_loss: 0.5857, best_loss: 0.4477, lr: 1.83e-04, time/batch: 1.227s
step 5360, loss: 0.4619, avg_loss: 0.5826, best_loss: 0.4477, lr: 1.83e-04, time/batch: 1.192s
step 5370, loss: 0.4936, avg_loss: 0.5787, best_loss: 0.4314, lr: 1.83e-04, time/batch: 1.183s
step 5380, loss: 0.4828, avg_loss: 0.5699, best_loss: 0.4192, lr: 1.83e-04, time/batch: 1.177s
step 5390, loss: 0.6772, avg_loss: 0.5773, best_loss: 0.4192, lr: 1.83e-04, time/batch: 1.182s
step 5400, loss: 0.5275, avg_loss: 0.5834, best_loss: 0.4192, lr: 1.83e-04, time/batch: 1.192s
step 5410, loss: 0.6417, avg_loss: 0.5668, best_loss: 0.4143, lr: 1.83e-04, time/batch: 1.208s
step 5420, loss: 0.4873, avg_loss: 0.5591, best_loss: 0.4143, lr: 1.83e-04, time/batch: 1.193s
step 5430, loss: 0.5316, avg_loss: 0.5534, best_loss: 0.4143, lr: 1.83e-04, time/batch: 1.186s
step 5440, loss: 0.5345, avg_loss: 0.5472, best_loss: 0.4143, lr: 1.83e-04, time/batch: 1.208s
step 5450, loss: 0.4610, avg_loss: 0.5423, best_loss: 0.3849, lr: 1.82e-04, time/batch: 1.200s
step 5460, loss: 0.4183, avg_loss: 0.5323, best_loss: 0.3849, lr: 1.82e-04, time/batch: 1.086s
step 5470, loss: 0.5469, avg_loss: 0.5365, best_loss: 0.3849, lr: 1.82e-04, time/batch: 1.084s
step 5480, loss: 0.4961, avg_loss: 0.5442, best_loss: 0.3849, lr: 1.82e-04, time/batch: 1.095s
step 5490, loss: 0.4275, avg_loss: 0.5297, best_loss: 0.3849, lr: 1.82e-04, time/batch: 1.087s
step 5500, loss: 0.4670, avg_loss: 0.5245, best_loss: 0.3609, lr: 1.82e-04, time/batch: 1.092s
step 5510, loss: 0.4006, avg_loss: 0.5194, best_loss: 0.3609, lr: 1.82e-04, time/batch: 1.092s
step 5520, loss: 0.5137, avg_loss: 0.5104, best_loss: 0.3609, lr: 1.82e-04, time/batch: 1.079s
step 5530, loss: 0.4170, avg_loss: 0.5045, best_loss: 0.3538, lr: 1.82e-04, time/batch: 1.092s
step 5540, loss: 0.4331, avg_loss: 0.4956, best_loss: 0.3538, lr: 1.82e-04, time/batch: 1.079s
step 5550, loss: 0.7089, avg_loss: 0.4970, best_loss: 0.3538, lr: 1.81e-04, time/batch: 1.099s
step 5560, loss: 0.6476, avg_loss: 0.5063, best_loss: 0.3538, lr: 1.81e-04, time/batch: 1.093s
step 5570, loss: 0.4637, avg_loss: 0.4984, best_loss: 0.3538, lr: 1.81e-04, time/batch: 1.082s
step 5580, loss: 0.5086, avg_loss: 0.4906, best_loss: 0.3478, lr: 1.81e-04, time/batch: 1.072s
step 5590, loss: 0.4713, avg_loss: 0.4864, best_loss: 0.3478, lr: 1.81e-04, time/batch: 1.081s
step 5600, loss: 0.4656, avg_loss: 0.4748, best_loss: 0.3473, lr: 1.81e-04, time/batch: 1.075s
step 5610, loss: 0.4374, avg_loss: 0.4691, best_loss: 0.3261, lr: 1.81e-04, time/batch: 1.226s
step 5620, loss: 0.4450, avg_loss: 0.4629, best_loss: 0.3261, lr: 1.81e-04, time/batch: 1.201s
step 5630, loss: 0.4677, avg_loss: 0.4583, best_loss: 0.3261, lr: 1.81e-04, time/batch: 1.174s
step 5640, loss: 0.4218, avg_loss: 0.4669, best_loss: 0.3261, lr: 1.81e-04, time/batch: 1.192s
step 5650, loss: 0.3664, avg_loss: 0.4652, best_loss: 0.3261, lr: 1.80e-04, time/batch: 1.186s
step 5660, loss: 0.5670, avg_loss: 0.4561, best_loss: 0.3261, lr: 1.80e-04, time/batch: 1.186s
step 5670, loss: 0.3883, avg_loss: 0.4536, best_loss: 0.3261, lr: 1.80e-04, time/batch: 1.195s
step 5680, loss: 0.4455, avg_loss: 0.4433, best_loss: 0.3261, lr: 1.80e-04, time/batch: 1.191s
step 5690, loss: 0.3966, avg_loss: 0.4383, best_loss: 0.3168, lr: 1.80e-04, time/batch: 1.201s
step 5700, loss: 0.4089, avg_loss: 0.4344, best_loss: 0.3168, lr: 1.80e-04, time/batch: 1.186s
step 5710, loss: 0.5323, avg_loss: 0.4276, best_loss: 0.3010, lr: 1.80e-04, time/batch: 1.215s
step 5720, loss: 0.4902, avg_loss: 0.4352, best_loss: 0.3010, lr: 1.80e-04, time/batch: 1.130s
step 5730, loss: 0.4989, avg_loss: 0.4385, best_loss: 0.3010, lr: 1.80e-04, time/batch: 1.081s
step 5740, loss: 0.5686, avg_loss: 0.4258, best_loss: 0.3010, lr: 1.79e-04, time/batch: 1.099s
step 5750, loss: 0.4662, avg_loss: 0.4228, best_loss: 0.3010, lr: 1.79e-04, time/batch: 1.260s
step 5760, loss: 0.3435, avg_loss: 0.4138, best_loss: 0.3010, lr: 1.79e-04, time/batch: 1.077s
step 5770, loss: 0.3007, avg_loss: 0.4058, best_loss: 0.3007, lr: 1.79e-04, time/batch: 1.086s
step 5780, loss: 0.3431, avg_loss: 0.4011, best_loss: 0.2950, lr: 1.79e-04, time/batch: 1.083s
step 5790, loss: 0.3238, avg_loss: 0.3941, best_loss: 0.2727, lr: 1.79e-04, time/batch: 1.076s
step 5800, loss: 0.4859, avg_loss: 0.4013, best_loss: 0.2727, lr: 1.79e-04, time/batch: 1.080s
step 5810, loss: 0.3618, avg_loss: 0.4065, best_loss: 0.2727, lr: 1.79e-04, time/batch: 1.071s
step 5820, loss: 0.4642, avg_loss: 0.3948, best_loss: 0.2727, lr: 1.79e-04, time/batch: 1.079s
step 5830, loss: 0.3540, avg_loss: 0.3912, best_loss: 0.2727, lr: 1.78e-04, time/batch: 1.094s
step 5840, loss: 0.3472, avg_loss: 0.3887, best_loss: 0.2727, lr: 1.78e-04, time/batch: 1.075s
step 5850, loss: 0.3649, avg_loss: 0.3803, best_loss: 0.2727, lr: 1.78e-04, time/batch: 1.080s
step 5860, loss: 0.3180, avg_loss: 0.3763, best_loss: 0.2727, lr: 1.78e-04, time/batch: 1.092s
step 5870, loss: 0.2913, avg_loss: 0.3714, best_loss: 0.2627, lr: 1.78e-04, time/batch: 1.082s
step 5880, loss: 0.3760, avg_loss: 0.3757, best_loss: 0.2627, lr: 1.78e-04, time/batch: 1.075s
step 5890, loss: 0.3567, avg_loss: 0.3834, best_loss: 0.2627, lr: 1.78e-04, time/batch: 1.080s
step 5900, loss: 0.3041, avg_loss: 0.3726, best_loss: 0.2627, lr: 1.78e-04, time/batch: 1.072s
step 5910, loss: 0.3063, avg_loss: 0.3684, best_loss: 0.2627, lr: 1.78e-04, time/batch: 1.119s
step 5920, loss: 0.3040, avg_loss: 0.3658, best_loss: 0.2627, lr: 1.78e-04, time/batch: 1.231s
step 5930, loss: 0.3463, avg_loss: 0.3571, best_loss: 0.2627, lr: 1.77e-04, time/batch: 1.199s
step 5940, loss: 0.2787, avg_loss: 0.3517, best_loss: 0.2571, lr: 1.77e-04, time/batch: 1.190s
step 5950, loss: 0.2868, avg_loss: 0.3469, best_loss: 0.2571, lr: 1.77e-04, time/batch: 1.190s
step 5960, loss: 0.5168, avg_loss: 0.3471, best_loss: 0.2354, lr: 1.77e-04, time/batch: 1.197s
step 5970, loss: 0.5025, avg_loss: 0.3539, best_loss: 0.2354, lr: 1.77e-04, time/batch: 1.180s
step 5980, loss: 0.3312, avg_loss: 0.3491, best_loss: 0.2354, lr: 1.77e-04, time/batch: 1.204s
step 5990, loss: 0.3361, avg_loss: 0.3430, best_loss: 0.2354, lr: 1.77e-04, time/batch: 1.204s
step 6000, loss: 0.3131, avg_loss: 0.3402, best_loss: 0.2354, lr: 1.77e-04, time/batch: 1.199s
step 6010, loss: 0.3026, avg_loss: 0.3323, best_loss: 0.2354, lr: 1.77e-04, time/batch: 1.211s
step 6020, loss: 0.3084, avg_loss: 0.3273, best_loss: 0.2346, lr: 1.76e-04, time/batch: 1.185s
step 6030, loss: 0.3115, avg_loss: 0.3244, best_loss: 0.2346, lr: 1.76e-04, time/batch: 1.080s
step 6040, loss: 0.3531, avg_loss: 0.3214, best_loss: 0.2216, lr: 1.76e-04, time/batch: 1.088s
step 6050, loss: 0.2989, avg_loss: 0.3272, best_loss: 0.2216, lr: 1.76e-04, time/batch: 1.077s
step 6060, loss: 0.2665, avg_loss: 0.3275, best_loss: 0.2216, lr: 1.76e-04, time/batch: 1.076s
step 6070, loss: 0.3967, avg_loss: 0.3200, best_loss: 0.2216, lr: 1.76e-04, time/batch: 1.103s
step 6080, loss: 0.2589, avg_loss: 0.3153, best_loss: 0.2216, lr: 1.76e-04, time/batch: 1.114s
step 6090, loss: 0.2999, avg_loss: 0.3075, best_loss: 0.2216, lr: 1.76e-04, time/batch: 1.135s
step 6100, loss: 0.2764, avg_loss: 0.3027, best_loss: 0.2216, lr: 1.75e-04, time/batch: 1.110s
step 6110, loss: 0.2976, avg_loss: 0.3012, best_loss: 0.2216, lr: 1.75e-04, time/batch: 1.116s
step 6120, loss: 0.3841, avg_loss: 0.2968, best_loss: 0.2045, lr: 1.75e-04, time/batch: 1.104s
step 6130, loss: 0.3304, avg_loss: 0.3024, best_loss: 0.2045, lr: 1.75e-04, time/batch: 1.106s
step 6140, loss: 0.3664, avg_loss: 0.3059, best_loss: 0.2045, lr: 1.75e-04, time/batch: 1.100s
step 6150, loss: 0.3975, avg_loss: 0.2979, best_loss: 0.2045, lr: 1.75e-04, time/batch: 1.100s
step 6160, loss: 0.3235, avg_loss: 0.2942, best_loss: 0.2045, lr: 1.75e-04, time/batch: 1.099s
step 6170, loss: 0.2373, avg_loss: 0.2891, best_loss: 0.2045, lr: 1.75e-04, time/batch: 1.103s
step 6180, loss: 0.2184, avg_loss: 0.2855, best_loss: 0.2045, lr: 1.75e-04, time/batch: 1.096s
step 6190, loss: 0.2342, avg_loss: 0.2839, best_loss: 0.2045, lr: 1.74e-04, time/batch: 1.099s
step 6200, loss: 0.2324, avg_loss: 0.2806, best_loss: 0.1885, lr: 1.74e-04, time/batch: 1.097s
step 6210, loss: 0.3439, avg_loss: 0.2847, best_loss: 0.1885, lr: 1.74e-04, time/batch: 1.110s
step 6220, loss: 0.2689, avg_loss: 0.2892, best_loss: 0.1885, lr: 1.74e-04, time/batch: 1.126s
step 6230, loss: 0.3182, avg_loss: 0.2813, best_loss: 0.1885, lr: 1.74e-04, time/batch: 1.097s
step 6240, loss: 0.2358, avg_loss: 0.2778, best_loss: 0.1885, lr: 1.74e-04, time/batch: 1.117s
step 6250, loss: 0.2492, avg_loss: 0.2751, best_loss: 0.1885, lr: 1.74e-04, time/batch: 1.100s
step 6260, loss: 0.2487, avg_loss: 0.2690, best_loss: 0.1885, lr: 1.74e-04, time/batch: 1.100s
step 6270, loss: 0.2454, avg_loss: 0.2664, best_loss: 0.1885, lr: 1.74e-04, time/batch: 1.117s
step 6280, loss: 0.2112, avg_loss: 0.2629, best_loss: 0.1713, lr: 1.73e-04, time/batch: 1.100s
step 6290, loss: 0.2710, avg_loss: 0.2653, best_loss: 0.1713, lr: 1.73e-04, time/batch: 1.106s
step 6300, loss: 0.2617, avg_loss: 0.2707, best_loss: 0.1713, lr: 1.73e-04, time/batch: 1.109s
step 6310, loss: 0.2270, avg_loss: 0.2639, best_loss: 0.1713, lr: 1.73e-04, time/batch: 1.094s
step 6320, loss: 0.2301, avg_loss: 0.2612, best_loss: 0.1713, lr: 1.73e-04, time/batch: 1.103s
step 6330, loss: 0.2090, avg_loss: 0.2594, best_loss: 0.1713, lr: 1.73e-04, time/batch: 1.101s
step 6340, loss: 0.2482, avg_loss: 0.2538, best_loss: 0.1713, lr: 1.73e-04, time/batch: 1.120s
step 6350, loss: 0.2184, avg_loss: 0.2507, best_loss: 0.1713, lr: 1.73e-04, time/batch: 1.096s
step 6360, loss: 0.2025, avg_loss: 0.2484, best_loss: 0.1713, lr: 1.72e-04, time/batch: 1.095s
step 6370, loss: 0.3635, avg_loss: 0.2492, best_loss: 0.1643, lr: 1.72e-04, time/batch: 1.109s
step 6380, loss: 0.3493, avg_loss: 0.2543, best_loss: 0.1643, lr: 1.72e-04, time/batch: 1.098s
step 6390, loss: 0.2450, avg_loss: 0.2506, best_loss: 0.1643, lr: 1.72e-04, time/batch: 1.156s
step 6400, loss: 0.2531, avg_loss: 0.2470, best_loss: 0.1643, lr: 1.72e-04, time/batch: 1.098s
step 6410, loss: 0.2516, avg_loss: 0.2448, best_loss: 0.1643, lr: 1.72e-04, time/batch: 1.099s
step 6420, loss: 0.2210, avg_loss: 0.2390, best_loss: 0.1643, lr: 1.72e-04, time/batch: 1.110s
step 6430, loss: 0.2176, avg_loss: 0.2358, best_loss: 0.1643, lr: 1.72e-04, time/batch: 1.100s
step 6440, loss: 0.2087, avg_loss: 0.2339, best_loss: 0.1643, lr: 1.71e-04, time/batch: 1.105s
step 6450, loss: 0.2597, avg_loss: 0.2317, best_loss: 0.1527, lr: 1.71e-04, time/batch: 1.108s
step 6460, loss: 0.2166, avg_loss: 0.2370, best_loss: 0.1527, lr: 1.71e-04, time/batch: 1.098s
step 6470, loss: 0.1808, avg_loss: 0.2359, best_loss: 0.1527, lr: 1.71e-04, time/batch: 1.099s
step 6480, loss: 0.2756, avg_loss: 0.2304, best_loss: 0.1527, lr: 1.71e-04, time/batch: 1.107s
step 6490, loss: 0.1928, avg_loss: 0.2281, best_loss: 0.1527, lr: 1.71e-04, time/batch: 1.102s
step 6500, loss: 0.2132, avg_loss: 0.2225, best_loss: 0.1527, lr: 1.71e-04, time/batch: 1.105s
step 6510, loss: 0.2138, avg_loss: 0.2205, best_loss: 0.1527, lr: 1.71e-04, time/batch: 1.100s
step 6520, loss: 0.2211, avg_loss: 0.2200, best_loss: 0.1527, lr: 1.70e-04, time/batch: 1.097s
step 6530, loss: 0.2773, avg_loss: 0.2171, best_loss: 0.1510, lr: 1.70e-04, time/batch: 1.093s
step 6540, loss: 0.2492, avg_loss: 0.2222, best_loss: 0.1510, lr: 1.70e-04, time/batch: 1.110s
step 6550, loss: 0.2442, avg_loss: 0.2248, best_loss: 0.1510, lr: 1.70e-04, time/batch: 1.092s
step 6560, loss: 0.2755, avg_loss: 0.2180, best_loss: 0.1510, lr: 1.70e-04, time/batch: 1.099s
step 6570, loss: 0.2405, avg_loss: 0.2164, best_loss: 0.1510, lr: 1.70e-04, time/batch: 1.092s
step 6580, loss: 0.1718, avg_loss: 0.2137, best_loss: 0.1510, lr: 1.70e-04, time/batch: 1.095s
step 6590, loss: 0.1583, avg_loss: 0.2117, best_loss: 0.1510, lr: 1.70e-04, time/batch: 1.095s
step 6600, loss: 0.1797, avg_loss: 0.2105, best_loss: 0.1510, lr: 1.70e-04, time/batch: 1.094s
step 6610, loss: 0.1737, avg_loss: 0.2071, best_loss: 0.1443, lr: 1.69e-04, time/batch: 1.090s
step 6620, loss: 0.2595, avg_loss: 0.2100, best_loss: 0.1443, lr: 1.69e-04, time/batch: 1.096s
step 6630, loss: 0.1893, avg_loss: 0.2132, best_loss: 0.1443, lr: 1.69e-04, time/batch: 1.095s
step 6640, loss: 0.2362, avg_loss: 0.2061, best_loss: 0.1443, lr: 1.69e-04, time/batch: 1.110s
step 6650, loss: 0.1692, avg_loss: 0.2038, best_loss: 0.1443, lr: 1.69e-04, time/batch: 1.098s
step 6660, loss: 0.1835, avg_loss: 0.2022, best_loss: 0.1443, lr: 1.69e-04, time/batch: 1.103s
step 6670, loss: 0.1911, avg_loss: 0.1990, best_loss: 0.1443, lr: 1.69e-04, time/batch: 1.100s
step 6680, loss: 0.1851, avg_loss: 0.1970, best_loss: 0.1443, lr: 1.68e-04, time/batch: 1.095s
step 6690, loss: 0.1717, avg_loss: 0.1946, best_loss: 0.1402, lr: 1.68e-04, time/batch: 1.092s
step 6700, loss: 0.1994, avg_loss: 0.1964, best_loss: 0.1402, lr: 1.68e-04, time/batch: 1.092s
step 6710, loss: 0.1811, avg_loss: 0.2013, best_loss: 0.1402, lr: 1.68e-04, time/batch: 1.092s
step 6720, loss: 0.1779, avg_loss: 0.1957, best_loss: 0.1402, lr: 1.68e-04, time/batch: 1.090s
step 6730, loss: 0.1728, avg_loss: 0.1934, best_loss: 0.1402, lr: 1.68e-04, time/batch: 1.086s
step 6740, loss: 0.1556, avg_loss: 0.1926, best_loss: 0.1402, lr: 1.68e-04, time/batch: 1.091s
step 6750, loss: 0.1933, avg_loss: 0.1895, best_loss: 0.1402, lr: 1.68e-04, time/batch: 1.089s
step 6760, loss: 0.1631, avg_loss: 0.1874, best_loss: 0.1330, lr: 1.67e-04, time/batch: 1.089s
step 6770, loss: 0.1501, avg_loss: 0.1849, best_loss: 0.1260, lr: 1.67e-04, time/batch: 1.090s
step 6780, loss: 0.2610, avg_loss: 0.1851, best_loss: 0.1260, lr: 1.67e-04, time/batch: 1.095s
step 6790, loss: 0.2550, avg_loss: 0.1887, best_loss: 0.1260, lr: 1.67e-04, time/batch: 1.093s
step 6800, loss: 0.1761, avg_loss: 0.1859, best_loss: 0.1260, lr: 1.67e-04, time/batch: 1.093s
step 6810, loss: 0.1821, avg_loss: 0.1821, best_loss: 0.1260, lr: 1.67e-04, time/batch: 1.094s
step 6820, loss: 0.1760, avg_loss: 0.1807, best_loss: 0.1260, lr: 1.67e-04, time/batch: 1.094s
step 6830, loss: 0.1696, avg_loss: 0.1769, best_loss: 0.1260, lr: 1.67e-04, time/batch: 1.100s
step 6840, loss: 0.1651, avg_loss: 0.1745, best_loss: 0.1260, lr: 1.66e-04, time/batch: 1.089s
step 6850, loss: 0.1671, avg_loss: 0.1733, best_loss: 0.1260, lr: 1.66e-04, time/batch: 1.091s
step 6860, loss: 0.1767, avg_loss: 0.1722, best_loss: 0.1245, lr: 1.66e-04, time/batch: 1.092s
step 6870, loss: 0.1808, avg_loss: 0.1763, best_loss: 0.1245, lr: 1.66e-04, time/batch: 1.098s
step 6880, loss: 0.1492, avg_loss: 0.1763, best_loss: 0.1245, lr: 1.66e-04, time/batch: 1.094s
step 6890, loss: 0.2079, avg_loss: 0.1725, best_loss: 0.1234, lr: 1.66e-04, time/batch: 1.092s
step 6900, loss: 0.1504, avg_loss: 0.1710, best_loss: 0.1234, lr: 1.66e-04, time/batch: 1.090s
step 6910, loss: 0.1669, avg_loss: 0.1674, best_loss: 0.1234, lr: 1.66e-04, time/batch: 1.096s
step 6920, loss: 0.1473, avg_loss: 0.1654, best_loss: 0.1234, lr: 1.65e-04, time/batch: 1.096s
step 6930, loss: 0.1667, avg_loss: 0.1649, best_loss: 0.1234, lr: 1.65e-04, time/batch: 1.113s
step 6940, loss: 0.2066, avg_loss: 0.1629, best_loss: 0.1117, lr: 1.65e-04, time/batch: 1.093s
step 6950, loss: 0.1889, avg_loss: 0.1651, best_loss: 0.1117, lr: 1.65e-04, time/batch: 1.085s
step 6960, loss: 0.1903, avg_loss: 0.1666, best_loss: 0.1117, lr: 1.65e-04, time/batch: 1.083s
step 6970, loss: 0.1905, avg_loss: 0.1619, best_loss: 0.1104, lr: 1.65e-04, time/batch: 1.081s
step 6980, loss: 0.1786, avg_loss: 0.1604, best_loss: 0.1104, lr: 1.65e-04, time/batch: 1.088s
step 6990, loss: 0.1318, avg_loss: 0.1576, best_loss: 0.1104, lr: 1.64e-04, time/batch: 1.084s
step 7000, loss: 0.1217, avg_loss: 0.1556, best_loss: 0.1104, lr: 1.64e-04, time/batch: 1.078s
step 7010, loss: 0.1438, avg_loss: 0.1553, best_loss: 0.1104, lr: 1.64e-04, time/batch: 1.078s
step 7020, loss: 0.1226, avg_loss: 0.1539, best_loss: 0.1104, lr: 1.64e-04, time/batch: 1.078s
step 7030, loss: 0.1780, avg_loss: 0.1559, best_loss: 0.1104, lr: 1.64e-04, time/batch: 1.079s
step 7040, loss: 0.1406, avg_loss: 0.1580, best_loss: 0.1104, lr: 1.64e-04, time/batch: 1.100s
step 7050, loss: 0.1743, avg_loss: 0.1540, best_loss: 0.1104, lr: 1.64e-04, time/batch: 1.082s
step 7060, loss: 0.1476, avg_loss: 0.1529, best_loss: 0.1104, lr: 1.64e-04, time/batch: 1.080s
step 7070, loss: 0.1432, avg_loss: 0.1521, best_loss: 0.1104, lr: 1.63e-04, time/batch: 1.085s
step 7080, loss: 0.1219, avg_loss: 0.1496, best_loss: 0.1104, lr: 1.63e-04, time/batch: 1.085s
step 7090, loss: 0.1263, avg_loss: 0.1484, best_loss: 0.1104, lr: 1.63e-04, time/batch: 1.089s
Final loss: 0.099217
Best loss: 0.099217
Average of last 100 losses: 0.146968
Model saved to trained_model.pt
